#
# A fatal error has been detected by the Java Runtime Environment:
#
#  EXCEPTION_ACCESS_VIOLATION (0xc0000005) at pc=0x00007ffcc6b4cbd1, pid=7200, tid=4212
#
# JRE version: OpenJDK Runtime Environment Temurin-17.0.9+9 (17.0.9+9) (build 17.0.9+9)
# Java VM: OpenJDK 64-Bit Server VM Temurin-17.0.9+9 (17.0.9+9, mixed mode, emulated-client, tiered, compressed oops, compressed class ptrs, g1 gc, windows-amd64)
# Problematic frame:
# V  [jvm.dll+0xcbd1]
#
# No core dump will be written. Minidumps are not enabled by default on client versions of Windows
#
# If you would like to submit a bug report, please visit:
#   https://github.com/adoptium/adoptium-support/issues
#

---------------  S U M M A R Y ------------

Command Line: -Dcom.sun.management.jmxremote -Dcom.sun.management.jmxremote.port=56120 -Dcom.sun.management.jmxremote.authenticate=false -Dcom.sun.management.jmxremote.ssl=false -Djava.rmi.server.hostname=localhost -Dspring.jmx.enabled=true -Dmanagement.endpoints.jmx.exposure.include=* -Dspring.application.admin.enabled=true -XX:TieredStopAtLevel=1 -Dspring.boot.project.name=hadam -Dfile.encoding=UTF-8 -Dstdout.encoding=UTF-8 -Dstderr.encoding=UTF-8 -XX:+ShowCodeDetailsInExceptionMessages com.example.HadamApplication --spring.output.ansi.enabled=always

Host: Intel(R) Core(TM) i7-6700 CPU @ 3.40GHz, 8 cores, 15G,  Windows 10 , 64 bit Build 19041 (10.0.19041.3636)
Time: Sun Jan 28 15:07:26 2024  Windows 10 , 64 bit Build 19041 (10.0.19041.3636) elapsed time: 1.126811 seconds (0d 0h 0m 1s)

---------------  T H R E A D  ---------------

Current thread (0x000001bcebf478d0):  ConcurrentGCThread "G1 Conc#0" [stack: 0x00000076f7100000,0x00000076f7200000] [id=4212]

Stack: [0x00000076f7100000,0x00000076f7200000],  sp=0x00000076f71ff728,  free space=1021k
Native frames: (J=compiled Java code, j=interpreted, Vv=VM code, C=native code)
V  [jvm.dll+0xcbd1]


siginfo: EXCEPTION_ACCESS_VIOLATION (0xc0000005), reading address 0x0000000000000328


Registers:
RAX=0x0000000000000228, RBX=0x0000000702094df8, RCX=0x0000000800241b58, RDX=0x0000000702094df8
RSP=0x00000076f71ff728, RBP=0x0000000702200000, RSI=0x0000000000000004, RDI=0x00000000000029a1
R8 =0x0000000000000000, R9 =0x0000000800241b58, R10=0x000001bcf7e20000, R11=0x0000000800000000
R12=0x00007ffcc6b40000, R13=0x00000076f71ff970, R14=0x00000007020c0000, R15=0x000001bcebf36100
RIP=0x00007ffcc6b4cbd1, EFLAGS=0x0000000000010246


Register to memory mapping:

RIP=0x00007ffcc6b4cbd1 jvm.dll
RAX=0x0000000000000228 is an unknown value
RBX=
[error occurred during error reporting (printing register info), id 0xc0000005, EXCEPTION_ACCESS_VIOLATION (0xc0000005) at pc=0x00007ffcc6e15a71]

Top of Stack: (sp=0x00000076f71ff728)
0x00000076f71ff728:   00007ffcc6e573fa 0000000702094dd8
0x00000076f71ff738:   0000000000000004 0000000702200000
0x00000076f71ff748:   0000000702085e10 000000070207ffd8
0x00000076f71ff758:   0000000000000017 0000000702080000
0x00000076f71ff768:   0000000000008000 0000000702080000
0x00000076f71ff778:   0000000000008000 0000000702080000
0x00000076f71ff788:   0000000000000012 000001bcebf04360
0x00000076f71ff798:   00007ffcc71b644f 0000000702080000
0x00000076f71ff7a8:   0000000000008000 0000000000000000
0x00000076f71ff7b8:   00007ffcc6e2b9ce 0000000000a96cfd
0x00000076f71ff7c8:   00000000e03646a0 0000000000000040
0x00000076f71ff7d8:   0000000000008000 0000000000000001
0x00000076f71ff7e8:   0000000702200000 000001bcebf04360
0x00000076f71ff7f8:   00007ffcc6e56062 0000000702080000
0x00000076f71ff808:   00000076f71ff970 0000000702200000
0x00000076f71ff818:   00007ffcc71b637c 000001bcebf04360
0x00000076f71ff828:   00000076f71ff880 0000000000000001
0x00000076f71ff838:   00000076f70ff901 0000000702080000
0x00000076f71ff848:   0000000000008000 0000000702000000
0x00000076f71ff858:   0000000000040000 0000000702080000
0x00000076f71ff868:   0000000000008000 0000000000000000
0x00000076f71ff878:   00007ffcf4c5c925 0000000702080000
0x00000076f71ff888:   0000000000008000 0000000000a96cfd
0x00000076f71ff898:   00000000e03646a0 0000000000a96cfc
0x00000076f71ff8a8:   00000000e0364516 0000000000000000
0x00000076f71ff8b8:   0000000000000000 0000000000000000
0x00000076f71ff8c8:   0000000000000000 0000000000000040
0x00000076f71ff8d8:   00000076f71ff970 0000000000000000
0x00000076f71ff8e8:   0000000000000001 0000000000000080
0x00000076f71ff8f8:   00007ffcc6e9fb76 0000000702200000
0x00000076f71ff908:   0000000000000041 000001bcebeda640
0x00000076f71ff918:   00000076f70ffa38 0000000000000000 

Instructions: (pc=0x00007ffcc6b4cbd1)
0x00007ffcc6b4cad1:   41 f6 c2 01 75 53 41 c1 fa 03 41 8b c2 c3 79 49
0x00007ffcc6b4cae1:   84 c0 b9 10 00 00 00 8b 05 46 b7 b0 00 41 b8 0c
0x00007ffcc6b4caf1:   00 00 00 41 0f 45 c8 ff c8 4c 63 c8 48 63 14 11
0x00007ffcc6b4cb01:   41 8b ca 83 e1 3f 48 d3 e2 41 8b ca 48 c1 f9 10
0x00007ffcc6b4cb11:   0f b6 c1 49 8d 0c 11 49 f7 d1 48 03 c1 49 c1 e9
0x00007ffcc6b4cb21:   03 48 c1 e8 03 41 23 c1 c3 49 8b 00 49 8b c8 48
0x00007ffcc6b4cb31:   ff a0 00 01 00 00 cc cc cc cc cc cc cc cc cc 8b
0x00007ffcc6b4cb41:   44 24 30 45 03 c9 44 2b 4c 24 28 83 c0 0b 44 03
0x00007ffcc6b4cb51:   ca 45 03 c8 41 03 c1 c3 cc cc cc cc cc cc cc 4c
0x00007ffcc6b4cb61:   8b ca 48 8b d1 45 8b 41 08 45 85 c0 7e 0e 41 f6
0x00007ffcc6b4cb71:   c0 01 75 56 41 c1 f8 03 41 8b c0 c3 79 4c 80 3d
0x00007ffcc6b4cb81:   5e 67 b7 00 00 b8 0c 00 00 00 b9 10 00 00 00 0f
0x00007ffcc6b4cb91:   45 c8 8b 05 9b b6 b0 00 ff c8 4c 63 c8 48 63 14
0x00007ffcc6b4cba1:   11 41 8b c8 83 e1 3f 48 d3 e2 41 8b c8 48 c1 f9
0x00007ffcc6b4cbb1:   10 0f b6 c1 49 8d 0c 11 49 f7 d1 48 03 c1 49 c1
0x00007ffcc6b4cbc1:   e9 03 48 c1 e8 03 41 23 c1 c3 49 8b 01 49 8b c9
0x00007ffcc6b4cbd1:   48 ff a0 00 01 00 00 cc cc cc cc cc cc cc cc 48
0x00007ffcc6b4cbe1:   8b 41 08 0f b7 48 2a 0f b7 40 28 83 c0 48 03 c1
0x00007ffcc6b4cbf1:   c3 cc cc cc cc cc cc cc cc cc cc cc cc cc cc 48
0x00007ffcc6b4cc01:   89 5c 24 08 57 48 83 ec 20 0f b6 05 df 48 bb 00
0x00007ffcc6b4cc11:   48 8b fa 48 8b d9 84 c0 74 4f 48 85 15 f6 40 bb
0x00007ffcc6b4cc21:   00 74 38 48 8b ca e8 64 95 85 00 48 8b d0 48 85
0x00007ffcc6b4cc31:   db 74 25 48 85 c0 74 20 48 8b c7 f0 48 0f b1 13
0x00007ffcc6b4cc41:   74 16 48 85 05 ce 40 bb 00 74 0d 48 8b c8 f0 48
0x00007ffcc6b4cc51:   0f b1 13 48 3b c1 75 ea 48 8b fa 48 8b c7 48 8b
0x00007ffcc6b4cc61:   5c 24 30 48 83 c4 20 5f c3 48 85 3d af 40 bb 00
0x00007ffcc6b4cc71:   75 33 48 85 ff 75 0f 33 d2 8b c2 48 8b 5c 24 30
0x00007ffcc6b4cc81:   48 83 c4 20 5f c3 48 8b 15 a2 40 bb 00 48 23 d7
0x00007ffcc6b4cc91:   48 0b 15 78 40 bb 00 48 8b c2 48 8b 5c 24 30 48
0x00007ffcc6b4cca1:   83 c4 20 5f c3 48 8b cf e8 f2 93 85 00 48 8b d0
0x00007ffcc6b4ccb1:   48 85 db 74 40 48 85 c0 74 3b 4c 8b 05 6e 40 bb
0x00007ffcc6b4ccc1:   00 4c 23 c0 4c 0b 05 9c 40 bb 00 74 28 48 8b c7 


Stack slot to memory mapping:
stack at sp + 0 slots: 0x00007ffcc6e573fa jvm.dll
stack at sp + 1 slots: 0x0000000702094dd8 is an oop: java.util.HashMap$Node 
{0x0000000702094dd8} - klass: 'java/util/HashMap$Node'
 - ---- fields (total size 4 words):
 - final 'hash' 'I' @12  96599304 (5c1fd08)
 - final 'key' 'Ljava/lang/Object;' @16  
[error occurred during error reporting (inspecting top of stack), id 0xc0000005, EXCEPTION_ACCESS_VIOLATION (0xc0000005) at pc=0x00007ffcc71a9529]


---------------  P R O C E S S  ---------------

Threads class SMR info:
_java_thread_list=0x000001bc845d1540, length=24, elements={
0x000001bcebec8500, 0x000001bcfe91a7c0, 0x000001bcfe91bcf0, 0x000001bcfe951580,
0x000001bcfe954220, 0x000001bcfe9562a0, 0x000001bcfe9793b0, 0x000001bcfe97a420,
0x000001bcfe97b8e0, 0x000001bcfe8a3b00, 0x000001bcfeb96830, 0x000001bcfeb98d60,
0x000001bcfeb99ad0, 0x000001bcfebe07c0, 0x000001bcff4f2800, 0x000001bcff484cf0,
0x000001bcff52a040, 0x000001bc84021090, 0x000001bc840349e0, 0x000001bc84034ec0,
0x000001bcfe991250, 0x000001bcfe991760, 0x000001bcfe991c70, 0x000001bcfe98e9d0
}

Java Threads: ( => current thread )
  0x000001bcebec8500 JavaThread "main" [_thread_blocked, id=8904, stack(0x00000076f6e00000,0x00000076f6f00000)]
  0x000001bcfe91a7c0 JavaThread "Reference Handler" daemon [_thread_blocked, id=14964, stack(0x00000076f7500000,0x00000076f7600000)]
  0x000001bcfe91bcf0 JavaThread "Finalizer" daemon [_thread_blocked, id=9544, stack(0x00000076f7600000,0x00000076f7700000)]
  0x000001bcfe951580 JavaThread "Signal Dispatcher" daemon [_thread_blocked, id=12864, stack(0x00000076f7700000,0x00000076f7800000)]
  0x000001bcfe954220 JavaThread "Attach Listener" daemon [_thread_blocked, id=10476, stack(0x00000076f7800000,0x00000076f7900000)]
  0x000001bcfe9562a0 JavaThread "Service Thread" daemon [_thread_blocked, id=9836, stack(0x00000076f7900000,0x00000076f7a00000)]
  0x000001bcfe9793b0 JavaThread "Monitor Deflation Thread" daemon [_thread_blocked, id=6296, stack(0x00000076f7a00000,0x00000076f7b00000)]
  0x000001bcfe97a420 JavaThread "C1 CompilerThread0" daemon [_thread_blocked, id=13136, stack(0x00000076f7b00000,0x00000076f7c00000)]
  0x000001bcfe97b8e0 JavaThread "Sweeper thread" daemon [_thread_blocked, id=6192, stack(0x00000076f7c00000,0x00000076f7d00000)]
  0x000001bcfe8a3b00 JavaThread "Common-Cleaner" daemon [_thread_blocked, id=9228, stack(0x00000076f7d00000,0x00000076f7e00000)]
  0x000001bcfeb96830 JavaThread "C1 CompilerThread1" daemon [_thread_blocked, id=9612, stack(0x00000076f7e00000,0x00000076f7f00000)]
  0x000001bcfeb98d60 JavaThread "C1 CompilerThread2" daemon [_thread_in_native, id=9100, stack(0x00000076f7f00000,0x00000076f8000000)]
  0x000001bcfeb99ad0 JavaThread "C1 CompilerThread3" daemon [_thread_blocked, id=13496, stack(0x00000076f8000000,0x00000076f8100000)]
  0x000001bcfebe07c0 JavaThread "Notification Thread" daemon [_thread_blocked, id=19104, stack(0x00000076f8100000,0x00000076f8200000)]
  0x000001bcff4f2800 JavaThread "RMI TCP Accept-0" daemon [_thread_in_native, id=10556, stack(0x00000076f8200000,0x00000076f8300000)]
  0x000001bcff484cf0 JavaThread "RMI TCP Accept-56120" daemon [_thread_in_native, id=592, stack(0x00000076f8300000,0x00000076f8400000)]
  0x000001bcff52a040 JavaThread "RMI TCP Accept-0" daemon [_thread_in_native, id=17204, stack(0x00000076f8400000,0x00000076f8500000)]
  0x000001bc84021090 JavaThread "RMI TCP Connection(1)-127.0.0.1" daemon [_thread_in_native, id=12728, stack(0x00000076f8600000,0x00000076f8700000)]
  0x000001bc840349e0 JavaThread "RMI Scheduler(0)" daemon [_thread_blocked, id=1740, stack(0x00000076f8700000,0x00000076f8800000)]
  0x000001bc84034ec0 JavaThread "RMI TCP Connection(2)-127.0.0.1" daemon [_thread_in_native, id=10928, stack(0x00000076f8800000,0x00000076f8900000)]
  0x000001bcfe991250 JavaThread "JMX server connection timeout 22" daemon [_thread_blocked, id=13148, stack(0x00000076f8900000,0x00000076f8a00000)]
  0x000001bcfe991760 JavaThread "Thread-0" [_thread_blocked, id=14600, stack(0x00000076f9300000,0x00000076f9400000)]
  0x000001bcfe991c70 JavaThread "restartedMain" [_thread_in_vm, id=12464, stack(0x00000076f9400000,0x00000076f9500000)]
  0x000001bcfe98e9d0 JavaThread "background-preinit" [_thread_in_Java, id=11732, stack(0x00000076f9500000,0x00000076f9600000)]

Other Threads:
  0x000001bcfe915850 VMThread "VM Thread" [stack: 0x00000076f7400000,0x00000076f7500000] [id=12848]
  0x000001bcff530980 WatcherThread [stack: 0x00000076f8500000,0x00000076f8600000] [id=18228]
  0x000001bcebf35b90 GCTaskThread "GC Thread#0" [stack: 0x00000076f6f00000,0x00000076f7000000] [id=15184]
  0x000001bc8436bc20 GCTaskThread "GC Thread#1" [stack: 0x00000076f8a00000,0x00000076f8b00000] [id=16964]
  0x000001bc843a5c60 GCTaskThread "GC Thread#2" [stack: 0x00000076f8b00000,0x00000076f8c00000] [id=16224]
  0x000001bc843a03f0 GCTaskThread "GC Thread#3" [stack: 0x00000076f8c00000,0x00000076f8d00000] [id=16264]
  0x000001bc843a06b0 GCTaskThread "GC Thread#4" [stack: 0x00000076f8d00000,0x00000076f8e00000] [id=10456]
  0x000001bc843a0970 GCTaskThread "GC Thread#5" [stack: 0x00000076f8e00000,0x00000076f8f00000] [id=18940]
  0x000001bc843dc2e0 GCTaskThread "GC Thread#6" [stack: 0x00000076f8f00000,0x00000076f9000000] [id=11292]
  0x000001bc843dc5a0 GCTaskThread "GC Thread#7" [stack: 0x00000076f9000000,0x00000076f9100000] [id=8016]
  0x000001bcebf46fa0 ConcurrentGCThread "G1 Main Marker" [stack: 0x00000076f7000000,0x00000076f7100000] [id=16888]
=>0x000001bcebf478d0 ConcurrentGCThread "G1 Conc#0" [stack: 0x00000076f7100000,0x00000076f7200000] [id=4212]
  0x000001bc84632d40 ConcurrentGCThread "G1 Conc#1" [stack: 0x00000076f9600000,0x00000076f9700000] [id=17308]
  0x000001bcebf6e620 ConcurrentGCThread "G1 Refine#0" [stack: 0x00000076f7200000,0x00000076f7300000] [id=18380]
  0x000001bc843deca0 ConcurrentGCThread "G1 Refine#1" [stack: 0x00000076f9100000,0x00000076f9200000] [id=12852]
  0x000001bc84387ec0 ConcurrentGCThread "G1 Refine#2" [stack: 0x00000076f9200000,0x00000076f9300000] [id=12012]
  0x000001bcfe772250 ConcurrentGCThread "G1 Service" [stack: 0x00000076f7300000,0x00000076f7400000] [id=6972]

Threads with active compile tasks:
C1 CompilerThread0     1142 2075       1       sun.util.locale.StringTokenIterator::nextDelimiter (116 bytes)
C1 CompilerThread1     1143 2080       1       sun.util.locale.LanguageTag::getLanguage (5 bytes)
C1 CompilerThread2     1143 2084       1       sun.util.locale.LocaleObjectCache::get (126 bytes)
C1 CompilerThread3     1143 2079       1       sun.util.locale.LocaleUtils::toUpperString (95 bytes)

VM state: not at safepoint (normal execution)

VM Mutex/Monitor currently owned by a thread: None

Heap address: 0x0000000701e00000, size: 4066 MB, Compressed Oops mode: Zero based, Oop shift amount: 3

CDS archive(s) not mapped
Compressed class space mapped at: 0x0000000800000000-0x0000000840000000, reserved size: 1073741824
Narrow klass base: 0x0000000800000000, Narrow klass shift: 0, Narrow klass range: 0x40000000

GC Precious Log:
 CPUs: 8 total, 8 available
 Memory: 16263M
 Large Page Support: Disabled
 NUMA Support: Disabled
 Compressed Oops: Enabled (Zero based)
 Heap Region Size: 2M
 Heap Min Capacity: 8M
 Heap Initial Capacity: 256M
 Heap Max Capacity: 4066M
 Pre-touch: Disabled
 Parallel Workers: 8
 Concurrent Workers: 2
 Concurrent Refinement Workers: 8
 Periodic GC: Disabled

Heap:
 garbage-first heap   total 40960K, used 13722K [0x0000000701e00000, 0x0000000800000000)
  region size 2048K, 4 young (8192K), 1 survivors (2048K)
 Metaspace       used 22365K, committed 22656K, reserved 1114112K
  class space    used 2594K, committed 2688K, reserved 1048576K

Heap Regions: E=young(eden), S=young(survivor), O=old, HS=humongous(starts), HC=humongous(continues), CS=collection set, F=free, OA=open archive, CA=closed archive, TAMS=top-at-mark-start (previous, next)
|   0|0x0000000701e00000, 0x0000000702000000, 0x0000000702000000|100%| O|  |TAMS 0x0000000702000000, 0x0000000701e00000| Untracked 
|   1|0x0000000702000000, 0x0000000702200000, 0x0000000702200000|100%| O|  |TAMS 0x0000000702200000, 0x0000000702000000| Untracked 
|   2|0x0000000702200000, 0x0000000702400000, 0x0000000702400000|100%| O|  |TAMS 0x0000000702400000, 0x0000000702200000| Untracked 
|   3|0x0000000702400000, 0x000000070258e600, 0x0000000702600000| 77%| O|  |TAMS 0x000000070258e600, 0x0000000702400000| Updating 
|   4|0x0000000702600000, 0x0000000702600000, 0x0000000702800000|  0%| F|  |TAMS 0x0000000702600000, 0x0000000702600000| Untracked 
|   5|0x0000000702800000, 0x0000000702800000, 0x0000000702a00000|  0%| F|  |TAMS 0x0000000702800000, 0x0000000702800000| Untracked 
|   6|0x0000000702a00000, 0x0000000702a00000, 0x0000000702c00000|  0%| F|  |TAMS 0x0000000702a00000, 0x0000000702a00000| Untracked 
|   7|0x0000000702c00000, 0x0000000702c00000, 0x0000000702e00000|  0%| F|  |TAMS 0x0000000702c00000, 0x0000000702c00000| Untracked 
|   8|0x0000000702e00000, 0x0000000702e00000, 0x0000000703000000|  0%| F|  |TAMS 0x0000000702e00000, 0x0000000702e00000| Untracked 
|   9|0x0000000703000000, 0x0000000703000000, 0x0000000703200000|  0%| F|  |TAMS 0x0000000703000000, 0x0000000703000000| Untracked 
|  10|0x0000000703200000, 0x0000000703200000, 0x0000000703400000|  0%| F|  |TAMS 0x0000000703200000, 0x0000000703200000| Untracked 
|  11|0x0000000703400000, 0x0000000703400000, 0x0000000703600000|  0%| F|  |TAMS 0x0000000703400000, 0x0000000703400000| Untracked 
|  12|0x0000000703600000, 0x0000000703600000, 0x0000000703800000|  0%| F|  |TAMS 0x0000000703600000, 0x0000000703600000| Untracked 
|  13|0x0000000703800000, 0x0000000703800000, 0x0000000703a00000|  0%| F|  |TAMS 0x0000000703800000, 0x0000000703800000| Untracked 
|  14|0x0000000703a00000, 0x0000000703a00000, 0x0000000703c00000|  0%| F|  |TAMS 0x0000000703a00000, 0x0000000703a00000| Untracked 
|  15|0x0000000703c00000, 0x0000000703c00000, 0x0000000703e00000|  0%| F|  |TAMS 0x0000000703c00000, 0x0000000703c00000| Untracked 
|  16|0x0000000703e00000, 0x0000000703f4ddb8, 0x0000000704000000| 65%| E|  |TAMS 0x0000000703e00000, 0x0000000703e00000| Complete 
|  17|0x0000000704000000, 0x0000000704200000, 0x0000000704200000|100%| E|CS|TAMS 0x0000000704000000, 0x0000000704000000| Complete 
| 121|0x0000000711000000, 0x00000007111d8598, 0x0000000711200000| 92%| S|CS|TAMS 0x0000000711000000, 0x0000000711000000| Complete 
| 127|0x0000000711c00000, 0x0000000711e00000, 0x0000000711e00000|100%| E|CS|TAMS 0x0000000711c00000, 0x0000000711c00000| Complete 

Card table byte_map: [0x000001bcf2e90000,0x000001bcf3690000] _byte_map_base: 0x000001bcef681000

Marking Bits (Prev, Next): (CMBitMap*) 0x000001bcebf36100, (CMBitMap*) 0x000001bcebf360c0
 Prev Bits: [0x000001bcf7e20000, 0x000001bcfbda8000)
 Next Bits: [0x000001bcf3e90000, 0x000001bcf7e18000)

Polling page: 0x000001bce9e60000

Metaspace:

Usage:
  Non-class:     19.31 MB used.
      Class:      2.54 MB used.
       Both:     21.85 MB used.

Virtual space:
  Non-class space:       64.00 MB reserved,      19.50 MB ( 30%) committed,  1 nodes.
      Class space:        1.00 GB reserved,       2.69 MB ( <1%) committed,  1 nodes.
             Both:        1.06 GB reserved,      22.19 MB (  2%) committed. 

Chunk freelists:
   Non-Class:  12.36 MB
       Class:  13.33 MB
        Both:  25.69 MB

MaxMetaspaceSize: unlimited
CompressedClassSpaceSize: 1.00 GB
Initial GC threshold: 21.00 MB
Current GC threshold: 35.44 MB
CDS: off
MetaspaceReclaimPolicy: balanced
 - commit_granule_bytes: 65536.
 - commit_granule_words: 8192.
 - virtual_space_node_default_size: 8388608.
 - enlarge_chunks_in_place: 1.
 - new_chunks_are_fully_committed: 0.
 - uncommit_free_chunks: 1.
 - use_allocation_guard: 0.
 - handle_deallocations: 1.


Internal statistics:

num_allocs_failed_limit: 3.
num_arena_births: 286.
num_arena_deaths: 0.
num_vsnodes_births: 2.
num_vsnodes_deaths: 0.
num_space_committed: 355.
num_space_uncommitted: 0.
num_chunks_returned_to_freelist: 3.
num_chunks_taken_from_freelist: 713.
num_chunk_merges: 3.
num_chunk_splits: 434.
num_chunks_enlarged: 284.
num_inconsistent_stats: 0.

CodeCache: size=49152Kb used=5960Kb max_used=5960Kb free=43191Kb
 bounds [0x000001bcef580000, 0x000001bcefb60000, 0x000001bcf2580000]
 total_blobs=2577 nmethods=2089 adapters=411
 compilation: enabled
              stopped_count=0, restarted_count=0
 full_count=0

Compilation events (20 events):
Event: 1.078 Thread 0x000001bcfe97a420 2039   !   1       java.io.ObjectOutputStream::writeObject0 (620 bytes)
Event: 1.078 Thread 0x000001bcfeb98d60 2040       1       java.io.ObjectOutputStream$ReplaceTable::lookup (24 bytes)
Event: 1.078 Thread 0x000001bcfeb96830 nmethod 2037 0x000001bcefb3a390 code [0x000001bcefb3a540, 0x000001bcefb3a748]
Event: 1.079 Thread 0x000001bcfeb99ad0 nmethod 2038 0x000001bcefb3a910 code [0x000001bcefb3aac0, 0x000001bcefb3ad28]
Event: 1.079 Thread 0x000001bcfeb98d60 nmethod 2040 0x000001bcefb3af10 code [0x000001bcefb3b0c0, 0x000001bcefb3b228]
Event: 1.079 Thread 0x000001bcfeb99ad0 2041       1       java.io.Bits::putInt (36 bytes)
Event: 1.079 Thread 0x000001bcfeb96830 2042       1       java.io.Bits::putShort (16 bytes)
Event: 1.079 Thread 0x000001bcfeb98d60 2043       1       java.io.ObjectOutputStream$BlockDataOutputStream::writeShort (47 bytes)
Event: 1.079 Thread 0x000001bcfeb99ad0 nmethod 2041 0x000001bcefb3b310 code [0x000001bcefb3b4a0, 0x000001bcefb3b5b8]
Event: 1.079 Thread 0x000001bcfeb96830 nmethod 2042 0x000001bcefb3b690 code [0x000001bcefb3b820, 0x000001bcefb3b918]
Event: 1.079 Thread 0x000001bcfeb98d60 nmethod 2043 0x000001bcefb3ba10 code [0x000001bcefb3bbc0, 0x000001bcefb3bd48]
Event: 1.081 Thread 0x000001bcfe97a420 nmethod 2039 0x000001bcefb3be90 code [0x000001bcefb3c320, 0x000001bcefb3da98]
Event: 1.092 Thread 0x000001bcfeb96830 2044       1       java.util.jar.JavaUtilJarAccessImpl::getTrustedAttributes (6 bytes)
Event: 1.092 Thread 0x000001bcfeb99ad0 2045       1       java.lang.ClassLoader::getUnnamedModule (5 bytes)
Event: 1.092 Thread 0x000001bcfeb99ad0 nmethod 2045 0x000001bcefb3ee90 code [0x000001bcefb3f020, 0x000001bcefb3f0f8]
Event: 1.092 Thread 0x000001bcfeb96830 nmethod 2044 0x000001bcefb3f190 code [0x000001bcefb3f320, 0x000001bcefb3f408]
Event: 1.097 Thread 0x000001bcfe97a420 2046       1       ch.qos.logback.classic.Logger::getChildByName (68 bytes)
Event: 1.098 Thread 0x000001bcfe97a420 nmethod 2046 0x000001bcefb3f510 code [0x000001bcefb3f6e0, 0x000001bcefb3f948]
Event: 1.100 Thread 0x000001bcfeb99ad0 2047       1       java.security.PermissionCollection::isReadOnly (5 bytes)
Event: 1.100 Thread 0x000001bcfeb99ad0 nmethod 2047 0x000001bcefb3fb10 code [0x000001bcefb3fca0, 0x000001bcefb3fd78]

GC Heap History (6 events):
Event: 0.653 GC heap before
{Heap before GC invocations=0 (full 0):
 garbage-first heap   total 262144K, used 22528K [0x0000000701e00000, 0x0000000800000000)
  region size 2048K, 11 young (22528K), 0 survivors (0K)
 Metaspace       used 15180K, committed 15360K, reserved 1114112K
  class space    used 1590K, committed 1664K, reserved 1048576K
}
Event: 0.658 GC heap after
{Heap after GC invocations=1 (full 0):
 garbage-first heap   total 262144K, used 7643K [0x0000000701e00000, 0x0000000800000000)
  region size 2048K, 2 young (4096K), 2 survivors (4096K)
 Metaspace       used 15180K, committed 15360K, reserved 1114112K
  class space    used 1590K, committed 1664K, reserved 1048576K
}
Event: 0.979 GC heap before
{Heap before GC invocations=1 (full 0):
 garbage-first heap   total 262144K, used 30171K [0x0000000701e00000, 0x0000000800000000)
  region size 2048K, 13 young (26624K), 2 survivors (4096K)
 Metaspace       used 18907K, committed 19264K, reserved 1114112K
  class space    used 2139K, committed 2304K, reserved 1048576K
}
Event: 0.982 GC heap after
{Heap after GC invocations=2 (full 0):
 garbage-first heap   total 262144K, used 9270K [0x0000000701e00000, 0x0000000800000000)
  region size 2048K, 1 young (2048K), 1 survivors (2048K)
 Metaspace       used 18907K, committed 19264K, reserved 1114112K
  class space    used 2139K, committed 2304K, reserved 1048576K
}
Event: 1.102 GC heap before
{Heap before GC invocations=2 (full 0):
 garbage-first heap   total 262144K, used 19510K [0x0000000701e00000, 0x0000000800000000)
  region size 2048K, 7 young (14336K), 1 survivors (2048K)
 Metaspace       used 21239K, committed 21504K, reserved 1114112K
  class space    used 2459K, committed 2560K, reserved 1048576K
}
Event: 1.104 GC heap after
{Heap after GC invocations=3 (full 0):
 garbage-first heap   total 262144K, used 9626K [0x0000000701e00000, 0x0000000800000000)
  region size 2048K, 1 young (2048K), 1 survivors (2048K)
 Metaspace       used 21239K, committed 21504K, reserved 1114112K
  class space    used 2459K, committed 2560K, reserved 1048576K
}

Dll operation events (7 events):
Event: 0.005 Loaded shared library C:\springboot4\sts-4.21.0.RELEASE\plugins\org.eclipse.justj.openjdk.hotspot.jre.full.win32.x86_64_17.0.9.v20231028-0858\jre\bin\java.dll
Event: 0.183 Loaded shared library C:\springboot4\sts-4.21.0.RELEASE\plugins\org.eclipse.justj.openjdk.hotspot.jre.full.win32.x86_64_17.0.9.v20231028-0858\jre\bin\jimage.dll
Event: 0.197 Loaded shared library C:\springboot4\sts-4.21.0.RELEASE\plugins\org.eclipse.justj.openjdk.hotspot.jre.full.win32.x86_64_17.0.9.v20231028-0858\jre\bin\net.dll
Event: 0.198 Loaded shared library C:\springboot4\sts-4.21.0.RELEASE\plugins\org.eclipse.justj.openjdk.hotspot.jre.full.win32.x86_64_17.0.9.v20231028-0858\jre\bin\nio.dll
Event: 0.202 Loaded shared library C:\springboot4\sts-4.21.0.RELEASE\plugins\org.eclipse.justj.openjdk.hotspot.jre.full.win32.x86_64_17.0.9.v20231028-0858\jre\bin\zip.dll
Event: 0.272 Loaded shared library C:\springboot4\sts-4.21.0.RELEASE\plugins\org.eclipse.justj.openjdk.hotspot.jre.full.win32.x86_64_17.0.9.v20231028-0858\jre\bin\management.dll
Event: 0.284 Loaded shared library C:\springboot4\sts-4.21.0.RELEASE\plugins\org.eclipse.justj.openjdk.hotspot.jre.full.win32.x86_64_17.0.9.v20231028-0858\jre\bin\management_ext.dll

Deoptimization events (0 events):
No events

Classes unloaded (0 events):
No events

Classes redefined (0 events):
No events

Internal exceptions (20 events):
Event: 0.928 Thread 0x000001bcfe991c70 Exception <a 'java/lang/NoSuchMethodError'{0x0000000710af91f8}: 'java.lang.Object java.lang.invoke.DirectMethodHandle$Holder.newInvokeSpecial(java.lang.Object, java.lang.Object, java.lang.Object, java.lang.Object, java.lang.Object, java.lang.Object, int)'> (0x0000000710af91f8) 
thrown [s\src\hotspot\share\interpreter\linkResolver.cpp, line 759]
Event: 0.929 Thread 0x000001bcfe991c70 Exception <a 'java/lang/NoSuchMethodError'{0x0000000710afe238}: 'java.lang.Object java.lang.invoke.DirectMethodHandle$Holder.invokeSpecial(java.lang.Object, java.lang.Object, java.lang.Object, java.lang.Object, java.lang.Object, java.lang.Object, java.lang.Object, int)'> (0x0000000710afe238) 
thrown [s\src\hotspot\share\interpreter\linkResolver.cpp, line 759]
Event: 0.956 Thread 0x000001bcfe991c70 Exception <a 'java/lang/NoSuchMethodError'{0x00000007108b97d0}: 'int java.lang.invoke.DirectMethodHandle$Holder.invokeVirtual(java.lang.Object, java.lang.Object)'> (0x00000007108b97d0) 
thrown [s\src\hotspot\share\interpreter\linkResolver.cpp, line 759]
Event: 0.972 Thread 0x000001bcfe991c70 Exception <a 'java/lang/NoSuchMethodError'{0x00000007109719f8}: 'java.lang.Object java.lang.invoke.DirectMethodHandle$Holder.invokeSpecial(java.lang.Object, java.lang.Object, java.lang.Object, int, java.lang.Object)'> (0x00000007109719f8) 
thrown [s\src\hotspot\share\interpreter\linkResolver.cpp, line 759]
Event: 0.972 Thread 0x000001bcfe991c70 Exception <a 'java/lang/NoSuchMethodError'{0x0000000710979f60}: 'java.lang.Object java.lang.invoke.DirectMethodHandle$Holder.newInvokeSpecial(java.lang.Object, java.lang.Object, java.lang.Object, int, java.lang.Object)'> (0x0000000710979f60) 
thrown [s\src\hotspot\share\interpreter\linkResolver.cpp, line 759]
Event: 0.973 Thread 0x000001bcfe991c70 Exception <a 'java/lang/NoSuchMethodError'{0x0000000710991538}: 'java.lang.Object java.lang.invoke.DirectMethodHandle$Holder.newInvokeSpecial(java.lang.Object, int, java.lang.Object)'> (0x0000000710991538) 
thrown [s\src\hotspot\share\interpreter\linkResolver.cpp, line 759]
Event: 0.974 Thread 0x000001bcfe991c70 Exception <a 'java/lang/NoSuchMethodError'{0x0000000710995508}: 'int java.lang.invoke.DirectMethodHandle$Holder.invokeSpecialIFC(java.lang.Object, java.lang.Object, java.lang.Object, java.lang.Object)'> (0x0000000710995508) 
thrown [s\src\hotspot\share\interpreter\linkResolver.cpp, line 759]
Event: 0.991 Thread 0x000001bcfe991c70 Exception <a 'java/lang/NoSuchMethodError'{0x0000000711d205e0}: 'void java.lang.invoke.DirectMethodHandle$Holder.invokeInterface(java.lang.Object, java.lang.Object, java.lang.Object)'> (0x0000000711d205e0) 
thrown [s\src\hotspot\share\interpreter\linkResolver.cpp, line 759]
Event: 1.006 Thread 0x000001bcfe991c70 Exception <a 'java/lang/NoSuchMethodError'{0x0000000711dcc1c0}: 'java.lang.Object java.lang.invoke.DirectMethodHandle$Holder.invokeVirtual(java.lang.Object, java.lang.Object, java.lang.Object)'> (0x0000000711dcc1c0) 
thrown [s\src\hotspot\share\interpreter\linkResolver.cpp, line 759]
Event: 1.020 Thread 0x000001bcfe991c70 Exception <a 'java/lang/NoSuchMethodError'{0x0000000711aa7630}: 'void java.lang.invoke.DirectMethodHandle$Holder.invokeStatic(java.lang.Object, java.lang.Object, int)'> (0x0000000711aa7630) 
thrown [s\src\hotspot\share\interpreter\linkResolver.cpp, line 759]
Event: 1.022 Thread 0x000001bcfe991c70 Exception <a 'java/lang/NoSuchMethodError'{0x0000000711ac01b0}: 'void java.lang.invoke.DirectMethodHandle$Holder.invokeStaticInit(java.lang.Object, java.lang.Object, java.lang.Object)'> (0x0000000711ac01b0) 
thrown [s\src\hotspot\share\interpreter\linkResolver.cpp, line 759]
Event: 1.024 Thread 0x000001bcfe991c70 Exception <a 'java/lang/NoSuchMethodError'{0x0000000711adbbd8}: 'java.lang.Object java.lang.invoke.DirectMethodHandle$Holder.invokeStatic(java.lang.Object, java.lang.Object, long, java.lang.Object)'> (0x0000000711adbbd8) 
thrown [s\src\hotspot\share\interpreter\linkResolver.cpp, line 759]
Event: 1.024 Thread 0x000001bcfe991c70 Exception <a 'java/lang/NoSuchMethodError'{0x0000000711adf670}: 'java.lang.Object java.lang.invoke.DirectMethodHandle$Holder.invokeStaticInit(java.lang.Object, java.lang.Object, long, java.lang.Object)'> (0x0000000711adf670) 
thrown [s\src\hotspot\share\interpreter\linkResolver.cpp, line 759]
Event: 1.025 Thread 0x000001bcfe991c70 Exception <a 'java/lang/NoSuchMethodError'{0x0000000711ae5c80}: 'java.lang.Object java.lang.invoke.DirectMethodHandle$Holder.newInvokeSpecial(java.lang.Object, java.lang.Object, long)'> (0x0000000711ae5c80) 
thrown [s\src\hotspot\share\interpreter\linkResolver.cpp, line 759]
Event: 1.033 Thread 0x000001bcfe991c70 Exception <a 'java/lang/NoSuchMethodError'{0x0000000711bf24d8}: 'void java.lang.invoke.DirectMethodHandle$Holder.invokeSpecial(java.lang.Object, java.lang.Object, java.lang.Object, java.lang.Object, java.lang.Object)'> (0x0000000711bf24d8) 
thrown [s\src\hotspot\share\interpreter\linkResolver.cpp, line 759]
Event: 1.033 Thread 0x000001bcfe991c70 Exception <a 'java/lang/NoSuchMethodError'{0x0000000711bfaaf0}: 'void java.lang.invoke.DirectMethodHandle$Holder.invokeVirtual(java.lang.Object, java.lang.Object, java.lang.Object, java.lang.Object)'> (0x0000000711bfaaf0) 
thrown [s\src\hotspot\share\interpreter\linkResolver.cpp, line 759]
Event: 1.057 Thread 0x000001bcfe991c70 Exception <a 'java/lang/NoSuchMethodError'{0x000000071194fd10}: 'void java.lang.invoke.DirectMethodHandle$Holder.invokeSpecial(java.lang.Object, java.lang.Object, java.lang.Object)'> (0x000000071194fd10) 
thrown [s\src\hotspot\share\interpreter\linkResolver.cpp, line 759]
Event: 1.062 Thread 0x000001bcfe991c70 Exception <a 'java/lang/IncompatibleClassChangeError'{0x00000007119a9c18}: Found class java.lang.Object, but interface was expected> (0x00000007119a9c18) 
thrown [s\src\hotspot\share\interpreter\linkResolver.cpp, line 826]
Event: 1.062 Thread 0x000001bcfe98e9d0 Exception <a 'java/lang/NoClassDefFoundError'{0x00000007119949f8}: jakarta/validation/Validation> (0x00000007119949f8) 
thrown [s\src\hotspot\share\classfile\systemDictionary.cpp, line 245]
Event: 1.078 Thread 0x000001bc84034ec0 Exception <a 'java/lang/reflect/InvocationTargetException'{0x000000071173d1b0}> (0x000000071173d1b0) 
thrown [s\src\hotspot\share\runtime\reflection.cpp, line 1121]

VM Operations (20 events):
Event: 0.532 Executing VM operation: HandshakeAllThreads
Event: 0.532 Executing VM operation: HandshakeAllThreads done
Event: 0.538 Executing VM operation: HandshakeAllThreads
Event: 0.538 Executing VM operation: HandshakeAllThreads done
Event: 0.555 Executing VM operation: HandshakeAllThreads
Event: 0.555 Executing VM operation: HandshakeAllThreads done
Event: 0.653 Executing VM operation: G1CollectForAllocation
Event: 0.658 Executing VM operation: G1CollectForAllocation done
Event: 0.811 Executing VM operation: HandshakeAllThreads
Event: 0.811 Executing VM operation: HandshakeAllThreads done
Event: 0.955 Executing VM operation: HandshakeAllThreads
Event: 0.955 Executing VM operation: HandshakeAllThreads done
Event: 0.979 Executing VM operation: G1CollectForAllocation
Event: 0.983 Executing VM operation: G1CollectForAllocation done
Event: 1.056 Executing VM operation: HandshakeAllThreads
Event: 1.056 Executing VM operation: HandshakeAllThreads done
Event: 1.101 Executing VM operation: CollectForMetadataAllocation
Event: 1.104 Executing VM operation: CollectForMetadataAllocation done
Event: 1.109 Executing VM operation: G1PauseRemark
Event: 1.110 Executing VM operation: G1PauseRemark done

Events (20 events):
Event: 1.024 loading class java/lang/ProcessHandle done
Event: 1.024 loading class java/lang/ProcessHandleImpl
Event: 1.024 loading class java/lang/ProcessHandleImpl done
Event: 1.032 loading class java/util/concurrent/Executors$DefaultThreadFactory
Event: 1.032 loading class java/util/concurrent/Executors$DefaultThreadFactory done
Event: 1.042 loading class java/util/Stack
Event: 1.042 loading class java/util/Stack done
Event: 1.042 loading class java/util/Vector$Itr
Event: 1.042 loading class java/util/Vector$Itr done
Event: 1.059 Thread 0x000001bcfe98e9d0 Thread added: 0x000001bcfe98e9d0
Event: 1.070 loading class java/lang/StrictMath
Event: 1.070 loading class java/lang/StrictMath done
Event: 1.088 loading class java/text/DateFormat
Event: 1.088 loading class java/text/DateFormat done
Event: 1.088 loading class java/text/SimpleDateFormat
Event: 1.089 loading class java/text/SimpleDateFormat done
Event: 1.093 loading class java/io/NotSerializableException
Event: 1.093 loading class java/io/ObjectStreamException
Event: 1.093 loading class java/io/ObjectStreamException done
Event: 1.093 loading class java/io/NotSerializableException done


Dynamic libraries:
0x00007ff6bed60000 - 0x00007ff6bed6e000 	C:\springboot4\sts-4.21.0.RELEASE\plugins\org.eclipse.justj.openjdk.hotspot.jre.full.win32.x86_64_17.0.9.v20231028-0858\jre\bin\javaw.exe
0x00007ffcf6ef0000 - 0x00007ffcf70e8000 	C:\WINDOWS\SYSTEM32\ntdll.dll
0x00007ffcf6710000 - 0x00007ffcf67cd000 	C:\WINDOWS\System32\KERNEL32.DLL
0x00007ffcf4bf0000 - 0x00007ffcf4ee6000 	C:\WINDOWS\System32\KERNELBASE.dll
0x00007ffcf4950000 - 0x00007ffcf4a50000 	C:\WINDOWS\System32\ucrtbase.dll
0x00007ffcee2c0000 - 0x00007ffcee2db000 	C:\springboot4\sts-4.21.0.RELEASE\plugins\org.eclipse.justj.openjdk.hotspot.jre.full.win32.x86_64_17.0.9.v20231028-0858\jre\bin\VCRUNTIME140.dll
0x00007ffce3f40000 - 0x00007ffce3f57000 	C:\springboot4\sts-4.21.0.RELEASE\plugins\org.eclipse.justj.openjdk.hotspot.jre.full.win32.x86_64_17.0.9.v20231028-0858\jre\bin\jli.dll
0x00007ffcf5bc0000 - 0x00007ffcf5d5e000 	C:\WINDOWS\System32\USER32.dll
0x00007ffce6d80000 - 0x00007ffce701a000 	C:\WINDOWS\WinSxS\amd64_microsoft.windows.common-controls_6595b64144ccf1df_6.0.19041.3636_none_60b6a03d71f818d5\COMCTL32.dll
0x00007ffcf4870000 - 0x00007ffcf4892000 	C:\WINDOWS\System32\win32u.dll
0x00007ffcf5e90000 - 0x00007ffcf5f2e000 	C:\WINDOWS\System32\msvcrt.dll
0x00007ffcf6000000 - 0x00007ffcf602c000 	C:\WINDOWS\System32\GDI32.dll
0x00007ffcf45f0000 - 0x00007ffcf470a000 	C:\WINDOWS\System32\gdi32full.dll
0x00007ffcf4a50000 - 0x00007ffcf4aed000 	C:\WINDOWS\System32\msvcp_win.dll
0x00007ffcf6220000 - 0x00007ffcf6250000 	C:\WINDOWS\System32\IMM32.DLL
0x00007ffcefbb0000 - 0x00007ffcefbbc000 	C:\springboot4\sts-4.21.0.RELEASE\plugins\org.eclipse.justj.openjdk.hotspot.jre.full.win32.x86_64_17.0.9.v20231028-0858\jre\bin\vcruntime140_1.dll
0x00007ffcbc420000 - 0x00007ffcbc4ad000 	C:\springboot4\sts-4.21.0.RELEASE\plugins\org.eclipse.justj.openjdk.hotspot.jre.full.win32.x86_64_17.0.9.v20231028-0858\jre\bin\msvcp140.dll
0x00007ffcc6b40000 - 0x00007ffcc77a1000 	C:\springboot4\sts-4.21.0.RELEASE\plugins\org.eclipse.justj.openjdk.hotspot.jre.full.win32.x86_64_17.0.9.v20231028-0858\jre\bin\server\jvm.dll
0x00007ffcf6160000 - 0x00007ffcf6213000 	C:\WINDOWS\System32\ADVAPI32.dll
0x00007ffcf5a70000 - 0x00007ffcf5b0f000 	C:\WINDOWS\System32\sechost.dll
0x00007ffcf68a0000 - 0x00007ffcf69c6000 	C:\WINDOWS\System32\RPCRT4.dll
0x00007ffcf45c0000 - 0x00007ffcf45e7000 	C:\WINDOWS\System32\bcrypt.dll
0x00007ffce8380000 - 0x00007ffce8389000 	C:\WINDOWS\SYSTEM32\WSOCK32.dll
0x00007ffcf4370000 - 0x00007ffcf43bb000 	C:\WINDOWS\SYSTEM32\POWRPROF.dll
0x00007ffceaaf0000 - 0x00007ffceab17000 	C:\WINDOWS\SYSTEM32\WINMM.dll
0x00007ffcf67d0000 - 0x00007ffcf683b000 	C:\WINDOWS\System32\WS2_32.dll
0x00007ffcef290000 - 0x00007ffcef29a000 	C:\WINDOWS\SYSTEM32\VERSION.dll
0x00007ffcf4320000 - 0x00007ffcf4332000 	C:\WINDOWS\SYSTEM32\UMPDC.dll
0x00007ffcf23b0000 - 0x00007ffcf23c2000 	C:\WINDOWS\SYSTEM32\kernel.appcore.dll
0x00007ffced130000 - 0x00007ffced13a000 	C:\springboot4\sts-4.21.0.RELEASE\plugins\org.eclipse.justj.openjdk.hotspot.jre.full.win32.x86_64_17.0.9.v20231028-0858\jre\bin\jimage.dll
0x00007ffceece0000 - 0x00007ffceeec4000 	C:\WINDOWS\SYSTEM32\DBGHELP.DLL
0x00007ffcef1e0000 - 0x00007ffcef214000 	C:\WINDOWS\SYSTEM32\dbgcore.DLL
0x00007ffcf4b60000 - 0x00007ffcf4be2000 	C:\WINDOWS\System32\bcryptPrimitives.dll
0x00007ffcda540000 - 0x00007ffcda565000 	C:\springboot4\sts-4.21.0.RELEASE\plugins\org.eclipse.justj.openjdk.hotspot.jre.full.win32.x86_64_17.0.9.v20231028-0858\jre\bin\java.dll
0x00007ffcdbc00000 - 0x00007ffcdbc18000 	C:\springboot4\sts-4.21.0.RELEASE\plugins\org.eclipse.justj.openjdk.hotspot.jre.full.win32.x86_64_17.0.9.v20231028-0858\jre\bin\zip.dll
0x00007ffcf5320000 - 0x00007ffcf5a65000 	C:\WINDOWS\System32\SHELL32.dll
0x00007ffcf2690000 - 0x00007ffcf2e2b000 	C:\WINDOWS\SYSTEM32\windows.storage.dll
0x00007ffcf63b0000 - 0x00007ffcf6704000 	C:\WINDOWS\System32\combase.dll
0x00007ffcf3f20000 - 0x00007ffcf3f4d000 	C:\WINDOWS\SYSTEM32\Wldp.dll
0x00007ffcf5b10000 - 0x00007ffcf5bbd000 	C:\WINDOWS\System32\SHCORE.dll
0x00007ffcf6840000 - 0x00007ffcf6895000 	C:\WINDOWS\System32\shlwapi.dll
0x00007ffcf44f0000 - 0x00007ffcf4515000 	C:\WINDOWS\SYSTEM32\profapi.dll
0x00007ffcda1c0000 - 0x00007ffcda1d9000 	C:\springboot4\sts-4.21.0.RELEASE\plugins\org.eclipse.justj.openjdk.hotspot.jre.full.win32.x86_64_17.0.9.v20231028-0858\jre\bin\net.dll
0x00007ffcedcb0000 - 0x00007ffceddba000 	C:\WINDOWS\SYSTEM32\WINHTTP.dll
0x00007ffcf3c80000 - 0x00007ffcf3cea000 	C:\WINDOWS\system32\mswsock.dll
0x00007ffcd93b0000 - 0x00007ffcd93c6000 	C:\springboot4\sts-4.21.0.RELEASE\plugins\org.eclipse.justj.openjdk.hotspot.jre.full.win32.x86_64_17.0.9.v20231028-0858\jre\bin\nio.dll
0x00007ffcee2b0000 - 0x00007ffcee2b9000 	C:\springboot4\sts-4.21.0.RELEASE\plugins\org.eclipse.justj.openjdk.hotspot.jre.full.win32.x86_64_17.0.9.v20231028-0858\jre\bin\management.dll
0x00007ffcdb690000 - 0x00007ffcdb69b000 	C:\springboot4\sts-4.21.0.RELEASE\plugins\org.eclipse.justj.openjdk.hotspot.jre.full.win32.x86_64_17.0.9.v20231028-0858\jre\bin\management_ext.dll
0x00007ffcf5f30000 - 0x00007ffcf5f38000 	C:\WINDOWS\System32\PSAPI.DLL
0x00007ffce6bf0000 - 0x00007ffce6c07000 	C:\WINDOWS\system32\napinsp.dll
0x00007ffce6ac0000 - 0x00007ffce6adb000 	C:\WINDOWS\system32\pnrpnsp.dll
0x00007ffcef970000 - 0x00007ffcef98d000 	C:\WINDOWS\system32\NLAapi.dll
0x00007ffcf3970000 - 0x00007ffcf39ab000 	C:\WINDOWS\SYSTEM32\IPHLPAPI.DLL
0x00007ffce6aa0000 - 0x00007ffce6ab5000 	C:\WINDOWS\system32\wshbth.dll
0x00007ffcf39b0000 - 0x00007ffcf3a7a000 	C:\WINDOWS\SYSTEM32\DNSAPI.dll
0x00007ffcf6a30000 - 0x00007ffcf6a38000 	C:\WINDOWS\System32\NSI.dll
0x00007ffce6a80000 - 0x00007ffce6a92000 	C:\WINDOWS\System32\winrnr.dll
0x00007ffcecf00000 - 0x00007ffcecf0a000 	C:\Windows\System32\rasadhlp.dll
0x00007ffcecab0000 - 0x00007ffcecb30000 	C:\WINDOWS\System32\fwpuclnt.dll
0x00007ffcf3e80000 - 0x00007ffcf3e98000 	C:\WINDOWS\SYSTEM32\CRYPTSP.dll
0x00007ffcf35b0000 - 0x00007ffcf35e4000 	C:\WINDOWS\system32\rsaenh.dll
0x00007ffcf44b0000 - 0x00007ffcf44de000 	C:\WINDOWS\SYSTEM32\USERENV.dll
0x00007ffcf3e70000 - 0x00007ffcf3e7c000 	C:\WINDOWS\SYSTEM32\CRYPTBASE.dll
0x00007ffcef6a0000 - 0x00007ffcef6b7000 	C:\WINDOWS\SYSTEM32\dhcpcsvc6.DLL
0x00007ffcef680000 - 0x00007ffcef69d000 	C:\WINDOWS\SYSTEM32\dhcpcsvc.DLL
0x00007ffcdb790000 - 0x00007ffcdb7a0000 	C:\springboot4\sts-4.21.0.RELEASE\plugins\org.eclipse.justj.openjdk.hotspot.jre.full.win32.x86_64_17.0.9.v20231028-0858\jre\bin\verify.dll

dbghelp: loaded successfully - version: 4.0.5 - missing functions: none
symbol engine: initialized successfully - sym options: 0x614 - pdb path: .;C:\springboot4\sts-4.21.0.RELEASE\plugins\org.eclipse.justj.openjdk.hotspot.jre.full.win32.x86_64_17.0.9.v20231028-0858\jre\bin;C:\WINDOWS\SYSTEM32;C:\WINDOWS\WinSxS\amd64_microsoft.windows.common-controls_6595b64144ccf1df_6.0.19041.3636_none_60b6a03d71f818d5;C:\springboot4\sts-4.21.0.RELEASE\plugins\org.eclipse.justj.openjdk.hotspot.jre.full.win32.x86_64_17.0.9.v20231028-0858\jre\bin\server

VM Arguments:
jvm_args: -Dcom.sun.management.jmxremote -Dcom.sun.management.jmxremote.port=56120 -Dcom.sun.management.jmxremote.authenticate=false -Dcom.sun.management.jmxremote.ssl=false -Djava.rmi.server.hostname=localhost -Dspring.jmx.enabled=true -Dmanagement.endpoints.jmx.exposure.include=* -Dspring.application.admin.enabled=true -XX:TieredStopAtLevel=1 -Dspring.boot.project.name=hadam -Dfile.encoding=UTF-8 -Dstdout.encoding=UTF-8 -Dstderr.encoding=UTF-8 -XX:+ShowCodeDetailsInExceptionMessages 
java_command: com.example.HadamApplication --spring.output.ansi.enabled=always
java_class_path (initial): C:\Users\ict0322\git\hadam\hadam\target\classes;C:\Users\ict0322\.m2\repository\org\springframework\boot\spring-boot-starter-data-mongodb\3.2.1\spring-boot-starter-data-mongodb-3.2.1.jar;C:\Users\ict0322\.m2\repository\org\springframework\boot\spring-boot-starter\3.2.1\spring-boot-starter-3.2.1.jar;C:\Users\ict0322\.m2\repository\org\springframework\boot\spring-boot-starter-logging\3.2.1\spring-boot-starter-logging-3.2.1.jar;C:\Users\ict0322\.m2\repository\ch\qos\logback\logback-classic\1.4.14\logback-classic-1.4.14.jar;C:\Users\ict0322\.m2\repository\ch\qos\logback\logback-core\1.4.14\logback-core-1.4.14.jar;C:\Users\ict0322\.m2\repository\org\apache\logging\log4j\log4j-to-slf4j\2.21.1\log4j-to-slf4j-2.21.1.jar;C:\Users\ict0322\.m2\repository\org\apache\logging\log4j\log4j-api\2.21.1\log4j-api-2.21.1.jar;C:\Users\ict0322\.m2\repository\org\slf4j\jul-to-slf4j\2.0.9\jul-to-slf4j-2.0.9.jar;C:\Users\ict0322\.m2\repository\org\yaml\snakeyaml\2.2\snakeyaml-2.2.jar;C:\Users\ict0322\.m2\repository\org\mongodb\mongodb-driver-sync\4.11.1\mongodb-driver-sync-4.11.1.jar;C:\Users\ict0322\.m2\repository\org\mongodb\bson\4.11.1\bson-4.11.1.jar;C:\Users\ict0322\.m2\repository\org\mongodb\mongodb-driver-core\4.11.1\mongodb-driver-core-4.11.1.jar;C:\Users\ict0322\.m2\repository\org\mongodb\bson-record-codec\4.11.1\bson-record-codec-4.11.1.jar;C:\Users\ict0322\.m2\repository\org\springframework\data\spring-data-mongodb\4.2.1\spring-data-mongodb-4.2.1.jar;C:\Users\ict0322\.m2\repository\org\springframework\spring-tx\6.1.2\spring-tx-6.1.2.jar;C:\Users\ict0322\.m2\repository\org\springframework\spring-context\6.1.2\spring-context-6.1.2.jar;C:\Users\ict0322\.m2\repository\org\springframework\spring-beans\6.1.2\spring-beans-6.1.2.jar;C:\Users\ict0322\.m2\repository\org\springframework\spring-expression\6.1.2\spring-expression-6.1.2.jar;C:\Users\ict0322\.m2\repository\org\springframework\data\spring-data-commons\3.2.1\spring-data-commons-3.2.1.jar;C:\Users\ict0
Launcher Type: SUN_STANDARD

[Global flags]
     intx CICompilerCount                          = 4                                         {product} {ergonomic}
     uint ConcGCThreads                            = 2                                         {product} {ergonomic}
     uint G1ConcRefinementThreads                  = 8                                         {product} {ergonomic}
   size_t G1HeapRegionSize                         = 2097152                                   {product} {ergonomic}
    uintx GCDrainStackTargetSize                   = 64                                        {product} {ergonomic}
   size_t InitialHeapSize                          = 268435456                                 {product} {ergonomic}
     bool ManagementServer                         = true                                      {product} {command line}
   size_t MarkStackSize                            = 4194304                                   {product} {ergonomic}
   size_t MaxHeapSize                              = 4263510016                                {product} {ergonomic}
   size_t MaxNewSize                               = 2556428288                                {product} {ergonomic}
   size_t MinHeapDeltaBytes                        = 2097152                                   {product} {ergonomic}
   size_t MinHeapSize                              = 8388608                                   {product} {ergonomic}
    uintx NonProfiledCodeHeapSize                  = 0                                      {pd product} {ergonomic}
     bool ProfileInterpreter                       = false                                  {pd product} {command line}
    uintx ProfiledCodeHeapSize                     = 0                                      {pd product} {ergonomic}
     bool ShowCodeDetailsInExceptionMessages       = true                                   {manageable} {command line}
   size_t SoftMaxHeapSize                          = 4263510016                             {manageable} {ergonomic}
     intx TieredStopAtLevel                        = 1                                         {product} {command line}
     bool UseCompressedClassPointers               = true                           {product lp64_product} {ergonomic}
     bool UseCompressedOops                        = true                           {product lp64_product} {ergonomic}
     bool UseG1GC                                  = true                                      {product} {ergonomic}
     bool UseLargePagesIndividualAllocation        = false                                  {pd product} {ergonomic}

Logging:
Log output configuration:
 #0: stdout all=warning uptime,level,tags
 #1: stderr all=off uptime,level,tags

Environment Variables:
JAVA_HOME=C:\java\jdk-11.0.20
PATH=C:/springboot4/sts-4.21.0.RELEASE//plugins/org.eclipse.justj.openjdk.hotspot.jre.full.win32.x86_64_17.0.9.v20231028-0858/jre/bin/server;C:/springboot4/sts-4.21.0.RELEASE//plugins/org.eclipse.justj.openjdk.hotspot.jre.full.win32.x86_64_17.0.9.v20231028-0858/jre/bin;C:\oraclexe\app\oracle\product\11.2.0\server\bin;C:\Program Files (x86)\VMware\VMware Player\bin\;C:\WINDOWS\system32;C:\WINDOWS;C:\WINDOWS\System32\Wbem;C:\WINDOWS\System32\WindowsPowerShell\v1.0\;C:\WINDOWS\System32\OpenSSH\;C:\Program Files\Bandizip\;C:\Program Files\MySQL\MySQL Server 8.0\bin;C:\Program Files\PuTTY\;C:\HashiCorp\Vagrant\bin;C:\Program Files\nodejs\;C:\Program Files\MongoDB\Server\5.0\bin;C:\Program Files\Git\cmd;C:\java\jdk-11.0.20\bin;C:\Users\ict0322\anaconda3;C:\Users\ict0322\anaconda3\Library\mingw-w64\bin;C:\Users\ict0322\anaconda3\Library\usr\bin;C:\Users\ict0322\anaconda3\Library\bin;C:\Users\ict0322\anaconda3\Scripts;C:\Users\ict0322\AppData\Local\Microsoft\WindowsApps;C:\Users\ict0322\AppData\Local\Programs\Microsoft VS Code\bin;C:\Program Files\JetBrains\IntelliJ IDEA Educational Edition 2022.2.2\bin;;C:\Users\ict0322\AppData\Roaming\npm;;C:\springboot4\sts-4.21.0.RELEASE;
USERNAME=ict0322
OS=Windows_NT
PROCESSOR_IDENTIFIER=Intel64 Family 6 Model 94 Stepping 3, GenuineIntel
TMP=C:\Users\ict0322\AppData\Local\Temp
TEMP=C:\Users\ict0322\AppData\Local\Temp



Periodic native trim disabled


---------------  S Y S T E M  ---------------

OS:
 Windows 10 , 64 bit Build 19041 (10.0.19041.3636)
OS uptime: 11 days 19:59 hours

CPU: total 8 (initial active 8) (4 cores per cpu, 2 threads per core) family 6 model 94 stepping 3 microcode 0xcc, cx8, cmov, fxsr, ht, mmx, 3dnowpref, sse, sse2, sse3, ssse3, sse4.1, sse4.2, popcnt, lzcnt, tsc, tscinvbit, avx, avx2, aes, erms, clmul, bmi1, bmi2, rtm, adx, fma, vzeroupper, clflush, clflushopt
Processor Information for all 8 processors :
  Max Mhz: 3408, Current Mhz: 3408, Mhz Limit: 3408

Memory: 4k page, system-wide physical 16263M (8126M free)
TotalPageFile size 24967M (AvailPageFile size 15103M)
current process WorkingSet (physical memory assigned to process): 86M, peak: 106M
current process commit charge ("private bytes"): 147M, peak: 370M

vm_info: OpenJDK 64-Bit Server VM (17.0.9+9) for windows-amd64 JRE (17.0.9+9), built on Oct 26 2023 14:01:42 by "admin" with MS VC++ 16.10 / 16.11 (VS2019)

END.
